TN:
SF:src\router.ts
FN:24,(anonymous_0)
FN:36,(anonymous_1)
FNF:2
FNH:2
FNDA:4,(anonymous_0)
FNDA:5,(anonymous_1)
DA:1,2
DA:2,2
DA:3,2
DA:4,2
DA:6,2
DA:10,2
DA:11,2
DA:17,2
DA:24,4
DA:29,2
DA:36,5
DA:43,2
DA:49,2
DA:55,2
LF:14
LH:14
BRF:0
BRH:0
end_of_record
TN:
SF:src\server.ts
FN:7,connectDB
FN:27,(anonymous_2)
FNF:2
FNH:2
FNDA:2,connectDB
FNDA:1,(anonymous_2)
DA:1,2
DA:2,2
DA:3,2
DA:4,2
DA:8,2
DA:9,2
DA:10,1
DA:13,0
DA:14,0
DA:17,2
DA:19,2
DA:22,2
DA:25,2
DA:27,2
DA:28,1
DA:31,2
LF:16
LH:14
BRF:0
BRH:0
end_of_record
TN:
SF:src\config\db.ts
FNF:0
FNH:0
DA:1,2
DA:2,2
DA:3,2
DA:6,2
DA:11,2
LF:5
LH:5
BRF:0
BRH:0
end_of_record
TN:
SF:src\handlers\product.ts
FN:5,(anonymous_1)
FN:18,(anonymous_2)
FN:35,(anonymous_3)
FN:48,(anonymous_4)
FN:65,(anonymous_5)
FN:82,(anonymous_6)
FNF:6
FNH:5
FNDA:2,(anonymous_1)
FNDA:2,(anonymous_2)
FNDA:1,(anonymous_3)
FNDA:2,(anonymous_4)
FNDA:0,(anonymous_5)
FNDA:2,(anonymous_6)
DA:2,2
DA:5,2
DA:6,2
DA:7,2
DA:13,2
DA:15,0
DA:18,2
DA:19,2
DA:20,2
DA:21,2
DA:22,2
DA:23,1
DA:28,1
DA:30,0
DA:35,2
DA:36,1
DA:37,1
DA:42,1
DA:44,0
DA:48,2
DA:49,2
DA:50,2
DA:52,2
DA:53,1
DA:59,1
DA:60,1
DA:61,1
DA:65,2
DA:66,0
DA:67,0
DA:69,0
DA:70,0
DA:76,0
DA:77,0
DA:78,0
DA:82,2
DA:83,2
DA:84,2
DA:86,2
DA:87,1
DA:91,1
DA:92,1
LF:42
LH:32
BRDA:22,0,0,1
BRDA:22,0,1,1
BRDA:52,1,0,1
BRDA:52,1,1,1
BRDA:69,2,0,0
BRDA:69,2,1,0
BRDA:86,3,0,1
BRDA:86,3,1,1
BRF:8
BRH:6
end_of_record
TN:
SF:src\middleware\index.ts
FN:4,(anonymous_0)
FNF:1
FNH:1
FNDA:15,(anonymous_0)
DA:2,2
DA:4,2
DA:6,15
DA:7,15
DA:8,8
DA:12,7
LF:6
LH:6
BRDA:7,0,0,8
BRDA:7,0,1,7
BRF:2
BRH:2
end_of_record
TN:
SF:src\models\Product.model.ts
FNF:0
FNH:0
DA:1,2
DA:7,2
DA:11,2
DA:15,2
DA:21,2
DA:24,2
LF:6
LH:6
BRF:0
BRH:0
end_of_record
